{"contracts\\AuditLog.sol":{"l":{"61":3,"62":2,"63":2,"81":30,"82":30,"84":30,"93":30,"95":30,"104":30,"112":4,"113":2,"120":2,"129":5,"130":2,"131":2,"132":2,"134":2},"path":"C:\\Pro\\TenderChain\\packages\\contracts\\contracts\\AuditLog.sol","s":{"1":3,"2":2,"3":2,"4":30,"5":30,"6":30,"7":30,"8":30,"9":4,"10":2,"11":2,"12":5,"13":2,"14":2,"15":2},"b":{"1":[2,1],"2":[30,1],"3":[2,2],"4":[2,3]},"f":{"1":3,"2":30,"3":4,"4":2,"5":5},"fnMap":{"1":{"name":"constructor","line":60,"loc":{"start":{"line":60,"column":4},"end":{"line":64,"column":4}}},"2":{"name":"recordLog","line":80,"loc":{"start":{"line":75,"column":4},"end":{"line":105,"column":4}}},"3":{"name":"getLog","line":111,"loc":{"start":{"line":111,"column":4},"end":{"line":114,"column":4}}},"4":{"name":"getLogCount","line":119,"loc":{"start":{"line":119,"column":4},"end":{"line":121,"column":4}}},"5":{"name":"getLogs","line":128,"loc":{"start":{"line":128,"column":4},"end":{"line":135,"column":4}}}},"statementMap":{"1":{"start":{"line":61,"column":8},"end":{"line":61,"column":52}},"2":{"start":{"line":62,"column":8},"end":{"line":62,"column":45}},"3":{"start":{"line":63,"column":8},"end":{"line":63,"column":38}},"4":{"start":{"line":82,"column":8},"end":{"line":82,"column":32}},"5":{"start":{"line":84,"column":8},"end":{"line":84,"column":2745}},"6":{"start":{"line":93,"column":8},"end":{"line":93,"column":23}},"7":{"start":{"line":95,"column":8},"end":{"line":95,"column":3047}},"8":{"start":{"line":104,"column":8},"end":{"line":104,"column":20}},"9":{"start":{"line":112,"column":8},"end":{"line":112,"column":66}},"10":{"start":{"line":113,"column":8},"end":{"line":113,"column":31}},"11":{"start":{"line":120,"column":8},"end":{"line":120,"column":23}},"12":{"start":{"line":129,"column":8},"end":{"line":129,"column":77}},"13":{"start":{"line":130,"column":8},"end":{"line":130,"column":66}},"14":{"start":{"line":131,"column":8},"end":{"line":131,"column":4162}},"15":{"start":{"line":134,"column":8},"end":{"line":134,"column":21}}},"branchMap":{"1":{"line":61,"type":"if","locations":[{"start":{"line":61,"column":8},"end":{"line":61,"column":8}},{"start":{"line":61,"column":8},"end":{"line":61,"column":8}}]},"2":{"line":80,"type":"if","locations":[{"start":{"line":80,"column":15},"end":{"line":80,"column":15}},{"start":{"line":80,"column":15},"end":{"line":80,"column":15}}]},"3":{"line":112,"type":"if","locations":[{"start":{"line":112,"column":8},"end":{"line":112,"column":8}},{"start":{"line":112,"column":8},"end":{"line":112,"column":8}}]},"4":{"line":129,"type":"if","locations":[{"start":{"line":129,"column":8},"end":{"line":129,"column":8}},{"start":{"line":129,"column":8},"end":{"line":129,"column":8}}]}}},"contracts\\BidManager.sol":{"l":{"87":4,"88":3,"89":2,"90":2,"91":2,"107":25,"109":24,"112":24,"113":1,"116":23,"117":1,"120":22,"121":1,"123":21,"129":21,"130":21,"131":21,"134":21,"154":12,"157":12,"158":1,"161":11,"162":1,"165":10,"166":10,"167":1,"170":9,"171":1,"174":8,"177":8,"178":2,"181":6,"182":1,"184":5,"192":5,"208":1,"221":4,"234":1,"246":4,"247":4,"248":3,"249":2,"251":1},"path":"C:\\Pro\\TenderChain\\packages\\contracts\\contracts\\BidManager.sol","s":{"1":4,"2":3,"3":2,"4":2,"5":25,"6":24,"7":24,"8":23,"9":22,"10":21,"11":21,"12":21,"13":12,"14":12,"15":11,"16":10,"17":10,"18":9,"19":8,"20":8,"21":6,"22":5,"23":1,"24":4,"25":1,"26":4,"27":4,"28":3,"29":2,"30":1},"b":{"1":[3,1],"2":[2,1],"3":[25,0],"4":[1,24],"5":[1,23],"6":[1,22],"7":[1,21],"8":[21,0],"9":[12,0],"10":[1,11],"11":[1,10],"12":[1,9],"13":[1,8],"14":[2,6],"15":[1,5],"16":[1,1],"17":[1,1],"18":[4,1],"19":[3,1],"20":[2,1],"21":[1,1]},"f":{"1":4,"2":25,"3":12,"4":1,"5":4,"6":1,"7":4},"fnMap":{"1":{"name":"constructor","line":86,"loc":{"start":{"line":86,"column":4},"end":{"line":92,"column":4}}},"2":{"name":"submitCommitment","line":105,"loc":{"start":{"line":103,"column":4},"end":{"line":135,"column":4}}},"3":{"name":"revealBid","line":153,"loc":{"start":{"line":148,"column":4},"end":{"line":193,"column":4}}},"4":{"name":"getBid","line":205,"loc":{"start":{"line":202,"column":4},"end":{"line":209,"column":4}}},"5":{"name":"getCommitment","line":216,"loc":{"start":{"line":216,"column":4},"end":{"line":222,"column":4}}},"6":{"name":"getBidderList","line":231,"loc":{"start":{"line":228,"column":4},"end":{"line":235,"column":4}}},"7":{"name":"forfeitBid","line":244,"loc":{"start":{"line":242,"column":4},"end":{"line":252,"column":4}}}},"statementMap":{"1":{"start":{"line":87,"column":8},"end":{"line":87,"column":61}},"2":{"start":{"line":88,"column":8},"end":{"line":88,"column":52}},"3":{"start":{"line":90,"column":8},"end":{"line":90,"column":45}},"4":{"start":{"line":91,"column":8},"end":{"line":91,"column":41}},"5":{"start":{"line":107,"column":8},"end":{"line":107,"column":62}},"6":{"start":{"line":109,"column":8},"end":{"line":109,"column":82}},"7":{"start":{"line":112,"column":8},"end":{"line":112,"column":4642}},"8":{"start":{"line":116,"column":8},"end":{"line":116,"column":4818}},"9":{"start":{"line":120,"column":8},"end":{"line":120,"column":4985}},"10":{"start":{"line":129,"column":8},"end":{"line":129,"column":5233}},"11":{"start":{"line":130,"column":12},"end":{"line":130,"column":50}},"12":{"start":{"line":134,"column":8},"end":{"line":134,"column":72}},"13":{"start":{"line":154,"column":8},"end":{"line":154,"column":82}},"14":{"start":{"line":157,"column":8},"end":{"line":157,"column":6354}},"15":{"start":{"line":161,"column":8},"end":{"line":161,"column":6510}},"16":{"start":{"line":165,"column":8},"end":{"line":165,"column":74}},"17":{"start":{"line":166,"column":8},"end":{"line":166,"column":6740}},"18":{"start":{"line":170,"column":8},"end":{"line":170,"column":6878}},"19":{"start":{"line":174,"column":8},"end":{"line":174,"column":6986}},"20":{"start":{"line":177,"column":8},"end":{"line":177,"column":7164}},"21":{"start":{"line":181,"column":8},"end":{"line":181,"column":7335}},"22":{"start":{"line":192,"column":8},"end":{"line":192,"column":73}},"23":{"start":{"line":208,"column":8},"end":{"line":208,"column":47}},"24":{"start":{"line":221,"column":8},"end":{"line":221,"column":57}},"25":{"start":{"line":234,"column":8},"end":{"line":234,"column":37}},"26":{"start":{"line":246,"column":8},"end":{"line":246,"column":82}},"27":{"start":{"line":247,"column":8},"end":{"line":247,"column":85}},"28":{"start":{"line":248,"column":8},"end":{"line":248,"column":71}},"29":{"start":{"line":249,"column":8},"end":{"line":249,"column":78}},"30":{"start":{"line":251,"column":8},"end":{"line":251,"column":45}}},"branchMap":{"1":{"line":87,"type":"if","locations":[{"start":{"line":87,"column":8},"end":{"line":87,"column":8}},{"start":{"line":87,"column":8},"end":{"line":87,"column":8}}]},"2":{"line":88,"type":"if","locations":[{"start":{"line":88,"column":8},"end":{"line":88,"column":8}},{"start":{"line":88,"column":8},"end":{"line":88,"column":8}}]},"3":{"line":105,"type":"if","locations":[{"start":{"line":105,"column":8},"end":{"line":105,"column":8}},{"start":{"line":105,"column":8},"end":{"line":105,"column":8}}]},"4":{"line":107,"type":"if","locations":[{"start":{"line":107,"column":8},"end":{"line":107,"column":8}},{"start":{"line":107,"column":8},"end":{"line":107,"column":8}}]},"5":{"line":112,"type":"if","locations":[{"start":{"line":112,"column":8},"end":{"line":112,"column":8}},{"start":{"line":112,"column":8},"end":{"line":112,"column":8}}]},"6":{"line":116,"type":"if","locations":[{"start":{"line":116,"column":8},"end":{"line":116,"column":8}},{"start":{"line":116,"column":8},"end":{"line":116,"column":8}}]},"7":{"line":120,"type":"if","locations":[{"start":{"line":120,"column":8},"end":{"line":120,"column":8}},{"start":{"line":120,"column":8},"end":{"line":120,"column":8}}]},"8":{"line":129,"type":"if","locations":[{"start":{"line":129,"column":8},"end":{"line":129,"column":8}},{"start":{"line":129,"column":8},"end":{"line":129,"column":8}}]},"9":{"line":153,"type":"if","locations":[{"start":{"line":153,"column":15},"end":{"line":153,"column":15}},{"start":{"line":153,"column":15},"end":{"line":153,"column":15}}]},"10":{"line":157,"type":"if","locations":[{"start":{"line":157,"column":8},"end":{"line":157,"column":8}},{"start":{"line":157,"column":8},"end":{"line":157,"column":8}}]},"11":{"line":161,"type":"if","locations":[{"start":{"line":161,"column":8},"end":{"line":161,"column":8}},{"start":{"line":161,"column":8},"end":{"line":161,"column":8}}]},"12":{"line":166,"type":"if","locations":[{"start":{"line":166,"column":8},"end":{"line":166,"column":8}},{"start":{"line":166,"column":8},"end":{"line":166,"column":8}}]},"13":{"line":170,"type":"if","locations":[{"start":{"line":170,"column":8},"end":{"line":170,"column":8}},{"start":{"line":170,"column":8},"end":{"line":170,"column":8}}]},"14":{"line":177,"type":"if","locations":[{"start":{"line":177,"column":8},"end":{"line":177,"column":8}},{"start":{"line":177,"column":8},"end":{"line":177,"column":8}}]},"15":{"line":181,"type":"if","locations":[{"start":{"line":181,"column":8},"end":{"line":181,"column":8}},{"start":{"line":181,"column":8},"end":{"line":181,"column":8}}]},"16":{"line":205,"type":"if","locations":[{"start":{"line":205,"column":8},"end":{"line":205,"column":8}},{"start":{"line":205,"column":8},"end":{"line":205,"column":8}}]},"17":{"line":231,"type":"if","locations":[{"start":{"line":231,"column":8},"end":{"line":231,"column":8}},{"start":{"line":231,"column":8},"end":{"line":231,"column":8}}]},"18":{"line":244,"type":"if","locations":[{"start":{"line":244,"column":8},"end":{"line":244,"column":8}},{"start":{"line":244,"column":8},"end":{"line":244,"column":8}}]},"19":{"line":247,"type":"if","locations":[{"start":{"line":247,"column":8},"end":{"line":247,"column":8}},{"start":{"line":247,"column":8},"end":{"line":247,"column":8}}]},"20":{"line":248,"type":"if","locations":[{"start":{"line":248,"column":8},"end":{"line":248,"column":8}},{"start":{"line":248,"column":8},"end":{"line":248,"column":8}}]},"21":{"line":249,"type":"if","locations":[{"start":{"line":249,"column":8},"end":{"line":249,"column":8}},{"start":{"line":249,"column":8},"end":{"line":249,"column":8}}]}}},"contracts\\DisputeResolution.sol":{"l":{"67":4,"68":2,"69":2,"70":2,"85":21,"86":1,"87":20,"88":1,"90":19,"91":19,"93":19,"106":19,"108":19,"121":30,"122":30,"124":29,"125":2,"127":27,"128":1,"130":26,"131":26,"133":26,"134":17,"136":9,"139":26,"142":26,"143":7,"145":4,"150":11,"151":11,"152":11,"154":11,"155":7,"157":7,"158":7,"159":7,"161":4,"163":4,"164":4,"165":4,"168":11,"175":8,"176":6},"path":"C:\\Pro\\TenderChain\\packages\\contracts\\contracts\\DisputeResolution.sol","s":{"1":4,"2":2,"3":2,"4":21,"5":20,"6":19,"7":19,"8":30,"9":30,"10":29,"11":27,"12":26,"13":26,"14":26,"15":7,"16":19,"17":4,"18":11,"19":11,"20":7,"21":7,"22":7,"23":4,"24":4,"25":4,"26":11,"27":8,"28":6},"b":{"1":[2,2],"2":[21,0],"3":[1,20],"4":[1,19],"5":[30,1],"6":[30,0],"7":[29,1],"8":[2,27],"9":[1,26],"10":[17,9],"11":[7,19],"12":[4,15],"13":[7,4],"14":[7,0],"15":[4,0],"16":[6,2]},"f":{"1":4,"2":21,"3":30,"4":11,"5":8},"fnMap":{"1":{"name":"constructor","line":66,"loc":{"start":{"line":66,"column":4},"end":{"line":71,"column":4}}},"2":{"name":"fileAppeal","line":83,"loc":{"start":{"line":80,"column":4},"end":{"line":109,"column":4}}},"3":{"name":"voteOnAppeal","line":119,"loc":{"start":{"line":116,"column":4},"end":{"line":147,"column":4}}},"4":{"name":"_resolveAppeal","line":149,"loc":{"start":{"line":149,"column":4},"end":{"line":169,"column":4}}},"5":{"name":"getAppeal","line":174,"loc":{"start":{"line":174,"column":4},"end":{"line":177,"column":4}}}},"statementMap":{"1":{"start":{"line":67,"column":8},"end":{"line":67,"column":79}},"2":{"start":{"line":68,"column":8},"end":{"line":68,"column":45}},"3":{"start":{"line":69,"column":8},"end":{"line":69,"column":44}},"4":{"start":{"line":85,"column":8},"end":{"line":85,"column":3569}},"5":{"start":{"line":87,"column":8},"end":{"line":87,"column":3663}},"6":{"start":{"line":91,"column":8},"end":{"line":91,"column":35}},"7":{"start":{"line":108,"column":8},"end":{"line":108,"column":65}},"8":{"start":{"line":121,"column":8},"end":{"line":121,"column":50}},"9":{"start":{"line":122,"column":8},"end":{"line":122,"column":56}},"10":{"start":{"line":124,"column":8},"end":{"line":124,"column":4753}},"11":{"start":{"line":127,"column":8},"end":{"line":127,"column":4908}},"12":{"start":{"line":133,"column":8},"end":{"line":133,"column":5070}},"13":{"start":{"line":139,"column":8},"end":{"line":139,"column":57}},"14":{"start":{"line":142,"column":8},"end":{"line":142,"column":5306}},"15":{"start":{"line":143,"column":12},"end":{"line":143,"column":42}},"16":{"start":{"line":144,"column":15},"end":{"line":144,"column":5413}},"17":{"start":{"line":145,"column":12},"end":{"line":145,"column":43}},"18":{"start":{"line":150,"column":8},"end":{"line":150,"column":50}},"19":{"start":{"line":154,"column":8},"end":{"line":154,"column":5760}},"20":{"start":{"line":157,"column":12},"end":{"line":157,"column":73}},"21":{"start":{"line":158,"column":12},"end":{"line":158,"column":46}},"22":{"start":{"line":159,"column":12},"end":{"line":159,"column":71}},"23":{"start":{"line":163,"column":12},"end":{"line":163,"column":65}},"24":{"start":{"line":164,"column":12},"end":{"line":164,"column":47}},"25":{"start":{"line":165,"column":12},"end":{"line":165,"column":54}},"26":{"start":{"line":168,"column":8},"end":{"line":168,"column":53}},"27":{"start":{"line":175,"column":8},"end":{"line":175,"column":75}},"28":{"start":{"line":176,"column":8},"end":{"line":176,"column":33}}},"branchMap":{"1":{"line":67,"type":"if","locations":[{"start":{"line":67,"column":8},"end":{"line":67,"column":8}},{"start":{"line":67,"column":8},"end":{"line":67,"column":8}}]},"2":{"line":83,"type":"if","locations":[{"start":{"line":83,"column":8},"end":{"line":83,"column":8}},{"start":{"line":83,"column":8},"end":{"line":83,"column":8}}]},"3":{"line":85,"type":"if","locations":[{"start":{"line":85,"column":8},"end":{"line":85,"column":8}},{"start":{"line":85,"column":8},"end":{"line":85,"column":8}}]},"4":{"line":87,"type":"if","locations":[{"start":{"line":87,"column":8},"end":{"line":87,"column":8}},{"start":{"line":87,"column":8},"end":{"line":87,"column":8}}]},"5":{"line":118,"type":"if","locations":[{"start":{"line":118,"column":8},"end":{"line":118,"column":8}},{"start":{"line":118,"column":8},"end":{"line":118,"column":8}}]},"6":{"line":119,"type":"if","locations":[{"start":{"line":119,"column":8},"end":{"line":119,"column":8}},{"start":{"line":119,"column":8},"end":{"line":119,"column":8}}]},"7":{"line":122,"type":"if","locations":[{"start":{"line":122,"column":8},"end":{"line":122,"column":8}},{"start":{"line":122,"column":8},"end":{"line":122,"column":8}}]},"8":{"line":124,"type":"if","locations":[{"start":{"line":124,"column":8},"end":{"line":124,"column":8}},{"start":{"line":124,"column":8},"end":{"line":124,"column":8}}]},"9":{"line":127,"type":"if","locations":[{"start":{"line":127,"column":8},"end":{"line":127,"column":8}},{"start":{"line":127,"column":8},"end":{"line":127,"column":8}}]},"10":{"line":133,"type":"if","locations":[{"start":{"line":133,"column":8},"end":{"line":133,"column":8}},{"start":{"line":133,"column":8},"end":{"line":133,"column":8}}]},"11":{"line":142,"type":"if","locations":[{"start":{"line":142,"column":8},"end":{"line":142,"column":8}},{"start":{"line":142,"column":8},"end":{"line":142,"column":8}}]},"12":{"line":144,"type":"if","locations":[{"start":{"line":144,"column":15},"end":{"line":144,"column":15}},{"start":{"line":144,"column":15},"end":{"line":144,"column":15}}]},"13":{"line":154,"type":"if","locations":[{"start":{"line":154,"column":8},"end":{"line":154,"column":8}},{"start":{"line":154,"column":8},"end":{"line":154,"column":8}}]},"14":{"line":158,"type":"if","locations":[{"start":{"line":158,"column":12},"end":{"line":158,"column":12}},{"start":{"line":158,"column":12},"end":{"line":158,"column":12}}]},"15":{"line":164,"type":"if","locations":[{"start":{"line":164,"column":12},"end":{"line":164,"column":12}},{"start":{"line":164,"column":12},"end":{"line":164,"column":12}}]},"16":{"line":175,"type":"if","locations":[{"start":{"line":175,"column":8},"end":{"line":175,"column":8}},{"start":{"line":175,"column":8},"end":{"line":175,"column":8}}]}}},"contracts\\GovernanceController.sol":{"l":{"61":3,"62":9,"63":8,"64":8,"80":24,"82":23,"83":1,"84":22,"85":1,"87":21,"88":21,"90":21,"102":21,"103":21,"115":39,"116":2,"118":37,"120":37,"121":1,"123":36,"124":1,"126":35,"128":35,"129":30,"131":5,"134":35,"137":35,"138":14,"142":35,"143":2,"151":14,"152":14,"153":14,"155":14,"156":11,"157":11,"158":11,"160":3,"161":3,"162":3,"165":14,"169":3,"170":3,"171":3,"172":3,"173":3,"182":2,"189":7,"190":5},"path":"C:\\Pro\\TenderChain\\packages\\contracts\\contracts\\GovernanceController.sol","s":{"1":3,"2":9,"3":8,"4":8,"5":24,"6":23,"7":22,"8":21,"9":21,"10":21,"11":39,"12":37,"13":37,"14":36,"15":35,"16":35,"17":35,"18":14,"19":35,"20":14,"21":14,"22":11,"23":11,"24":3,"25":3,"26":14,"27":3,"28":3,"29":3,"30":2,"31":7,"32":5},"b":{"1":[8,1],"2":[24,1],"3":[23,1],"4":[1,22],"5":[1,21],"6":[39,0],"7":[2,37],"8":[1,1],"9":[1,36],"10":[1,35],"11":[30,5],"12":[14,21],"13":[2,33],"14":[11,3],"15":[3,0],"16":[5,2]},"f":{"1":3,"2":24,"3":39,"4":14,"5":3,"6":2,"7":7},"fnMap":{"1":{"name":"constructor","line":60,"loc":{"start":{"line":60,"column":4},"end":{"line":66,"column":4}}},"2":{"name":"createProposal","line":77,"loc":{"start":{"line":75,"column":4},"end":{"line":104,"column":4}}},"3":{"name":"vote","line":113,"loc":{"start":{"line":111,"column":4},"end":{"line":145,"column":4}}},"4":{"name":"_executeProposal","line":150,"loc":{"start":{"line":150,"column":4},"end":{"line":166,"column":4}}},"5":{"name":"_removeValidator","line":168,"loc":{"start":{"line":168,"column":4},"end":{"line":176,"column":4}}},"6":{"name":"getValidators","line":181,"loc":{"start":{"line":181,"column":4},"end":{"line":183,"column":4}}},"7":{"name":"getProposal","line":188,"loc":{"start":{"line":188,"column":4},"end":{"line":191,"column":4}}}},"statementMap":{"1":{"start":{"line":61,"column":8},"end":{"line":61,"column":2653}},"2":{"start":{"line":62,"column":12},"end":{"line":62,"column":63}},"3":{"start":{"line":63,"column":12},"end":{"line":63,"column":56}},"4":{"start":{"line":64,"column":12},"end":{"line":64,"column":51}},"5":{"start":{"line":80,"column":8},"end":{"line":80,"column":53}},"6":{"start":{"line":82,"column":8},"end":{"line":82,"column":3417}},"7":{"start":{"line":84,"column":8},"end":{"line":84,"column":3534}},"8":{"start":{"line":88,"column":8},"end":{"line":88,"column":37}},"9":{"start":{"line":102,"column":8},"end":{"line":102,"column":63}},"10":{"start":{"line":103,"column":8},"end":{"line":103,"column":20}},"11":{"start":{"line":115,"column":8},"end":{"line":115,"column":4475}},"12":{"start":{"line":118,"column":8},"end":{"line":118,"column":58}},"13":{"start":{"line":120,"column":8},"end":{"line":120,"column":4655}},"14":{"start":{"line":123,"column":8},"end":{"line":123,"column":4772}},"15":{"start":{"line":128,"column":8},"end":{"line":128,"column":4886}},"16":{"start":{"line":134,"column":8},"end":{"line":134,"column":61}},"17":{"start":{"line":137,"column":8},"end":{"line":137,"column":5129}},"18":{"start":{"line":138,"column":12},"end":{"line":138,"column":40}},"19":{"start":{"line":142,"column":8},"end":{"line":142,"column":5304}},"20":{"start":{"line":151,"column":8},"end":{"line":151,"column":58}},"21":{"start":{"line":155,"column":8},"end":{"line":155,"column":5757}},"22":{"start":{"line":156,"column":12},"end":{"line":156,"column":52}},"23":{"start":{"line":158,"column":12},"end":{"line":158,"column":57}},"24":{"start":{"line":160,"column":12},"end":{"line":160,"column":53}},"25":{"start":{"line":162,"column":12},"end":{"line":162,"column":59}},"26":{"start":{"line":165,"column":8},"end":{"line":165,"column":42}},"27":{"start":{"line":169,"column":8},"end":{"line":169,"column":6326}},"28":{"start":{"line":170,"column":12},"end":{"line":170,"column":6393}},"29":{"start":{"line":172,"column":16},"end":{"line":172,"column":31}},"30":{"start":{"line":182,"column":8},"end":{"line":182,"column":25}},"31":{"start":{"line":189,"column":8},"end":{"line":189,"column":83}},"32":{"start":{"line":190,"column":8},"end":{"line":190,"column":37}}},"branchMap":{"1":{"line":62,"type":"if","locations":[{"start":{"line":62,"column":12},"end":{"line":62,"column":12}},{"start":{"line":62,"column":12},"end":{"line":62,"column":12}}]},"2":{"line":77,"type":"if","locations":[{"start":{"line":77,"column":8},"end":{"line":77,"column":8}},{"start":{"line":77,"column":8},"end":{"line":77,"column":8}}]},"3":{"line":80,"type":"if","locations":[{"start":{"line":80,"column":8},"end":{"line":80,"column":8}},{"start":{"line":80,"column":8},"end":{"line":80,"column":8}}]},"4":{"line":82,"type":"if","locations":[{"start":{"line":82,"column":8},"end":{"line":82,"column":8}},{"start":{"line":82,"column":8},"end":{"line":82,"column":8}}]},"5":{"line":84,"type":"if","locations":[{"start":{"line":84,"column":8},"end":{"line":84,"column":8}},{"start":{"line":84,"column":8},"end":{"line":84,"column":8}}]},"6":{"line":113,"type":"if","locations":[{"start":{"line":113,"column":8},"end":{"line":113,"column":8}},{"start":{"line":113,"column":8},"end":{"line":113,"column":8}}]},"7":{"line":115,"type":"if","locations":[{"start":{"line":115,"column":8},"end":{"line":115,"column":8}},{"start":{"line":115,"column":8},"end":{"line":115,"column":8}}]},"8":{"line":115,"type":"cond-expr","locations":[{"start":{"line":115,"column":12},"end":{"line":115,"column":27}},{"start":{"line":115,"column":32},"end":{"line":115,"column":58}}]},"9":{"line":120,"type":"if","locations":[{"start":{"line":120,"column":8},"end":{"line":120,"column":8}},{"start":{"line":120,"column":8},"end":{"line":120,"column":8}}]},"10":{"line":123,"type":"if","locations":[{"start":{"line":123,"column":8},"end":{"line":123,"column":8}},{"start":{"line":123,"column":8},"end":{"line":123,"column":8}}]},"11":{"line":128,"type":"if","locations":[{"start":{"line":128,"column":8},"end":{"line":128,"column":8}},{"start":{"line":128,"column":8},"end":{"line":128,"column":8}}]},"12":{"line":137,"type":"if","locations":[{"start":{"line":137,"column":8},"end":{"line":137,"column":8}},{"start":{"line":137,"column":8},"end":{"line":137,"column":8}}]},"13":{"line":142,"type":"if","locations":[{"start":{"line":142,"column":8},"end":{"line":142,"column":8}},{"start":{"line":142,"column":8},"end":{"line":142,"column":8}}]},"14":{"line":155,"type":"if","locations":[{"start":{"line":155,"column":8},"end":{"line":155,"column":8}},{"start":{"line":155,"column":8},"end":{"line":155,"column":8}}]},"15":{"line":170,"type":"if","locations":[{"start":{"line":170,"column":12},"end":{"line":170,"column":12}},{"start":{"line":170,"column":12},"end":{"line":170,"column":12}}]},"16":{"line":189,"type":"if","locations":[{"start":{"line":189,"column":8},"end":{"line":189,"column":8}},{"start":{"line":189,"column":8},"end":{"line":189,"column":8}}]}}},"contracts\\PerformanceRegistry.sol":{"l":{"53":3,"54":2,"55":2,"73":17,"74":16,"75":14,"76":1,"78":13,"79":13,"81":13,"91":13,"92":13,"94":13,"95":13,"102":5,"103":3,"110":2,"117":2,"118":2,"120":1,"121":1,"122":1,"124":1},"path":"C:\\Pro\\TenderChain\\packages\\contracts\\contracts\\PerformanceRegistry.sol","s":{"1":3,"2":2,"3":2,"4":17,"5":16,"6":14,"7":13,"8":13,"9":13,"10":13,"11":5,"12":3,"13":2,"14":2,"15":2,"16":1,"17":1,"18":1,"19":1},"b":{"1":[2,1],"2":[17,1],"3":[1,16],"4":[2,14],"5":[1,1],"6":[1,13],"7":[3,2],"8":[1,1]},"f":{"1":3,"2":17,"3":5,"4":2,"5":2},"fnMap":{"1":{"name":"constructor","line":52,"loc":{"start":{"line":52,"column":4},"end":{"line":56,"column":4}}},"2":{"name":"recordPerformance","line":72,"loc":{"start":{"line":67,"column":4},"end":{"line":96,"column":4}}},"3":{"name":"getRecord","line":101,"loc":{"start":{"line":101,"column":4},"end":{"line":104,"column":4}}},"4":{"name":"getContractorRecords","line":109,"loc":{"start":{"line":109,"column":4},"end":{"line":111,"column":4}}},"5":{"name":"getAverageScore","line":116,"loc":{"start":{"line":116,"column":4},"end":{"line":125,"column":4}}}},"statementMap":{"1":{"start":{"line":53,"column":8},"end":{"line":53,"column":52}},"2":{"start":{"line":54,"column":8},"end":{"line":54,"column":45}},"3":{"start":{"line":55,"column":8},"end":{"line":55,"column":40}},"4":{"start":{"line":73,"column":8},"end":{"line":73,"column":59}},"5":{"start":{"line":74,"column":8},"end":{"line":74,"column":68}},"6":{"start":{"line":75,"column":8},"end":{"line":75,"column":2845}},"7":{"start":{"line":79,"column":8},"end":{"line":79,"column":35}},"8":{"start":{"line":91,"column":8},"end":{"line":91,"column":49}},"9":{"start":{"line":94,"column":8},"end":{"line":94,"column":83}},"10":{"start":{"line":95,"column":8},"end":{"line":95,"column":20}},"11":{"start":{"line":102,"column":8},"end":{"line":102,"column":75}},"12":{"start":{"line":103,"column":8},"end":{"line":103,"column":33}},"13":{"start":{"line":110,"column":8},"end":{"line":110,"column":45}},"14":{"start":{"line":117,"column":8},"end":{"line":117,"column":61}},"15":{"start":{"line":118,"column":8},"end":{"line":118,"column":37}},"16":{"start":{"line":118,"column":29},"end":{"line":118,"column":37}},"17":{"start":{"line":120,"column":8},"end":{"line":120,"column":25}},"18":{"start":{"line":121,"column":8},"end":{"line":121,"column":4308}},"19":{"start":{"line":124,"column":8},"end":{"line":124,"column":33}}},"branchMap":{"1":{"line":53,"type":"if","locations":[{"start":{"line":53,"column":8},"end":{"line":53,"column":8}},{"start":{"line":53,"column":8},"end":{"line":53,"column":8}}]},"2":{"line":72,"type":"if","locations":[{"start":{"line":72,"column":15},"end":{"line":72,"column":15}},{"start":{"line":72,"column":15},"end":{"line":72,"column":15}}]},"3":{"line":73,"type":"if","locations":[{"start":{"line":73,"column":8},"end":{"line":73,"column":8}},{"start":{"line":73,"column":8},"end":{"line":73,"column":8}}]},"4":{"line":74,"type":"if","locations":[{"start":{"line":74,"column":8},"end":{"line":74,"column":8}},{"start":{"line":74,"column":8},"end":{"line":74,"column":8}}]},"5":{"line":74,"type":"cond-expr","locations":[{"start":{"line":74,"column":12},"end":{"line":74,"column":22}},{"start":{"line":74,"column":27},"end":{"line":74,"column":38}}]},"6":{"line":75,"type":"if","locations":[{"start":{"line":75,"column":8},"end":{"line":75,"column":8}},{"start":{"line":75,"column":8},"end":{"line":75,"column":8}}]},"7":{"line":102,"type":"if","locations":[{"start":{"line":102,"column":8},"end":{"line":102,"column":8}},{"start":{"line":102,"column":8},"end":{"line":102,"column":8}}]},"8":{"line":118,"type":"if","locations":[{"start":{"line":118,"column":8},"end":{"line":118,"column":8}},{"start":{"line":118,"column":8},"end":{"line":118,"column":8}}]}}},"contracts\\TenderRegistry.sol":{"l":{"73":5,"74":4,"75":4,"76":4,"81":120,"82":113,"86":55,"87":7,"88":48,"110":38,"111":37,"113":36,"114":36,"116":36,"130":36,"131":36,"144":23,"145":23,"158":12,"159":1,"161":11,"162":11,"175":7,"176":7,"190":4,"192":3,"193":3,"194":3,"207":8,"208":8,"213":6,"214":6,"215":6,"228":49,"239":2,"240":1},"path":"C:\\Pro\\TenderChain\\packages\\contracts\\contracts\\TenderRegistry.sol","s":{"1":5,"2":4,"3":4,"4":4,"5":120,"6":55,"7":38,"8":37,"9":36,"10":36,"11":36,"12":23,"13":12,"14":11,"15":7,"16":4,"17":3,"18":8,"19":8,"20":6,"21":49,"22":2},"b":{"1":[1,4],"2":[7,113],"3":[1,6],"4":[7,48],"5":[38,1],"6":[1,37],"7":[1,36],"8":[25,1],"9":[24,1],"10":[23,1],"11":[14,1],"12":[13,1],"13":[12,1],"14":[1,11],"15":[9,1],"16":[7,2],"17":[7,0],"18":[7,1],"19":[4,3],"20":[4,0],"21":[1,3],"22":[9,1],"23":[8,1],"24":[6,2],"25":[49,2],"26":[2,1],"27":[1,1]},"f":{"1":5,"2":120,"3":55,"4":38,"5":23,"6":12,"7":7,"8":4,"9":8,"10":49,"11":2},"fnMap":{"1":{"name":"constructor","line":72,"loc":{"start":{"line":72,"column":4},"end":{"line":77,"column":4}}},"2":{"name":"tenderExists","line":80,"loc":{"start":{"line":80,"column":4},"end":{"line":83,"column":4}}},"3":{"name":"inStatus","line":85,"loc":{"start":{"line":85,"column":4},"end":{"line":89,"column":4}}},"4":{"name":"createTender","line":109,"loc":{"start":{"line":102,"column":4},"end":{"line":132,"column":4}}},"5":{"name":"publishTender","line":142,"loc":{"start":{"line":138,"column":4},"end":{"line":146,"column":4}}},"6":{"name":"closeTender","line":156,"loc":{"start":{"line":152,"column":4},"end":{"line":163,"column":4}}},"7":{"name":"startEvaluation","line":173,"loc":{"start":{"line":169,"column":4},"end":{"line":177,"column":4}}},"8":{"name":"awardTender","line":188,"loc":{"start":{"line":184,"column":4},"end":{"line":195,"column":4}}},"9":{"name":"cancelTender","line":205,"loc":{"start":{"line":202,"column":4},"end":{"line":216,"column":4}}},"10":{"name":"getTender","line":225,"loc":{"start":{"line":222,"column":4},"end":{"line":229,"column":4}}},"11":{"name":"setGovernanceContract","line":237,"loc":{"start":{"line":235,"column":4},"end":{"line":241,"column":4}}}},"statementMap":{"1":{"start":{"line":73,"column":8},"end":{"line":73,"column":54}},"2":{"start":{"line":74,"column":8},"end":{"line":74,"column":45}},"3":{"start":{"line":75,"column":8},"end":{"line":75,"column":37}},"4":{"start":{"line":76,"column":8},"end":{"line":76,"column":41}},"5":{"start":{"line":81,"column":8},"end":{"line":81,"column":87}},"6":{"start":{"line":86,"column":8},"end":{"line":86,"column":3395}},"7":{"start":{"line":110,"column":8},"end":{"line":110,"column":113}},"8":{"start":{"line":111,"column":8},"end":{"line":111,"column":113}},"9":{"start":{"line":114,"column":8},"end":{"line":114,"column":35}},"10":{"start":{"line":130,"column":8},"end":{"line":130,"column":102}},"11":{"start":{"line":131,"column":8},"end":{"line":131,"column":20}},"12":{"start":{"line":145,"column":8},"end":{"line":145,"column":39}},"13":{"start":{"line":158,"column":8},"end":{"line":158,"column":6228}},"14":{"start":{"line":162,"column":8},"end":{"line":162,"column":36}},"15":{"start":{"line":176,"column":8},"end":{"line":176,"column":47}},"16":{"start":{"line":190,"column":8},"end":{"line":190,"column":55}},"17":{"start":{"line":194,"column":8},"end":{"line":194,"column":46}},"18":{"start":{"line":207,"column":8},"end":{"line":207,"column":56}},"19":{"start":{"line":208,"column":8},"end":{"line":208,"column":7860}},"20":{"start":{"line":215,"column":8},"end":{"line":215,"column":48}},"21":{"start":{"line":228,"column":8},"end":{"line":228,"column":33}},"22":{"start":{"line":239,"column":8},"end":{"line":239,"column":59}}},"branchMap":{"1":{"line":73,"type":"if","locations":[{"start":{"line":73,"column":8},"end":{"line":73,"column":8}},{"start":{"line":73,"column":8},"end":{"line":73,"column":8}}]},"2":{"line":81,"type":"if","locations":[{"start":{"line":81,"column":8},"end":{"line":81,"column":8}},{"start":{"line":81,"column":8},"end":{"line":81,"column":8}}]},"3":{"line":81,"type":"cond-expr","locations":[{"start":{"line":81,"column":12},"end":{"line":81,"column":25}},{"start":{"line":81,"column":30},"end":{"line":81,"column":52}}]},"4":{"line":86,"type":"if","locations":[{"start":{"line":86,"column":8},"end":{"line":86,"column":8}},{"start":{"line":86,"column":8},"end":{"line":86,"column":8}}]},"5":{"line":109,"type":"if","locations":[{"start":{"line":109,"column":15},"end":{"line":109,"column":15}},{"start":{"line":109,"column":15},"end":{"line":109,"column":15}}]},"6":{"line":110,"type":"if","locations":[{"start":{"line":110,"column":8},"end":{"line":110,"column":8}},{"start":{"line":110,"column":8},"end":{"line":110,"column":8}}]},"7":{"line":111,"type":"if","locations":[{"start":{"line":111,"column":8},"end":{"line":111,"column":8}},{"start":{"line":111,"column":8},"end":{"line":111,"column":8}}]},"8":{"line":140,"type":"if","locations":[{"start":{"line":140,"column":8},"end":{"line":140,"column":8}},{"start":{"line":140,"column":8},"end":{"line":140,"column":8}}]},"9":{"line":141,"type":"if","locations":[{"start":{"line":141,"column":8},"end":{"line":141,"column":8}},{"start":{"line":141,"column":8},"end":{"line":141,"column":8}}]},"10":{"line":142,"type":"if","locations":[{"start":{"line":142,"column":8},"end":{"line":142,"column":8}},{"start":{"line":142,"column":8},"end":{"line":142,"column":8}}]},"11":{"line":154,"type":"if","locations":[{"start":{"line":154,"column":8},"end":{"line":154,"column":8}},{"start":{"line":154,"column":8},"end":{"line":154,"column":8}}]},"12":{"line":155,"type":"if","locations":[{"start":{"line":155,"column":8},"end":{"line":155,"column":8}},{"start":{"line":155,"column":8},"end":{"line":155,"column":8}}]},"13":{"line":156,"type":"if","locations":[{"start":{"line":156,"column":8},"end":{"line":156,"column":8}},{"start":{"line":156,"column":8},"end":{"line":156,"column":8}}]},"14":{"line":158,"type":"if","locations":[{"start":{"line":158,"column":8},"end":{"line":158,"column":8}},{"start":{"line":158,"column":8},"end":{"line":158,"column":8}}]},"15":{"line":171,"type":"if","locations":[{"start":{"line":171,"column":8},"end":{"line":171,"column":8}},{"start":{"line":171,"column":8},"end":{"line":171,"column":8}}]},"16":{"line":172,"type":"if","locations":[{"start":{"line":172,"column":8},"end":{"line":172,"column":8}},{"start":{"line":172,"column":8},"end":{"line":172,"column":8}}]},"17":{"line":173,"type":"if","locations":[{"start":{"line":173,"column":8},"end":{"line":173,"column":8}},{"start":{"line":173,"column":8},"end":{"line":173,"column":8}}]},"18":{"line":186,"type":"if","locations":[{"start":{"line":186,"column":8},"end":{"line":186,"column":8}},{"start":{"line":186,"column":8},"end":{"line":186,"column":8}}]},"19":{"line":187,"type":"if","locations":[{"start":{"line":187,"column":8},"end":{"line":187,"column":8}},{"start":{"line":187,"column":8},"end":{"line":187,"column":8}}]},"20":{"line":188,"type":"if","locations":[{"start":{"line":188,"column":8},"end":{"line":188,"column":8}},{"start":{"line":188,"column":8},"end":{"line":188,"column":8}}]},"21":{"line":190,"type":"if","locations":[{"start":{"line":190,"column":8},"end":{"line":190,"column":8}},{"start":{"line":190,"column":8},"end":{"line":190,"column":8}}]},"22":{"line":204,"type":"if","locations":[{"start":{"line":204,"column":8},"end":{"line":204,"column":8}},{"start":{"line":204,"column":8},"end":{"line":204,"column":8}}]},"23":{"line":205,"type":"if","locations":[{"start":{"line":205,"column":8},"end":{"line":205,"column":8}},{"start":{"line":205,"column":8},"end":{"line":205,"column":8}}]},"24":{"line":208,"type":"if","locations":[{"start":{"line":208,"column":8},"end":{"line":208,"column":8}},{"start":{"line":208,"column":8},"end":{"line":208,"column":8}}]},"25":{"line":225,"type":"if","locations":[{"start":{"line":225,"column":8},"end":{"line":225,"column":8}},{"start":{"line":225,"column":8},"end":{"line":225,"column":8}}]},"26":{"line":237,"type":"if","locations":[{"start":{"line":237,"column":8},"end":{"line":237,"column":8}},{"start":{"line":237,"column":8},"end":{"line":237,"column":8}}]},"27":{"line":239,"type":"if","locations":[{"start":{"line":239,"column":8},"end":{"line":239,"column":8}},{"start":{"line":239,"column":8},"end":{"line":239,"column":8}}]}}}}